Using pre-set license
Built from '2020.3/release' branch; Version is '2020.3.7f1 (dd97f2c94397) revision 14522354'; Using compiler version '192528614'; Build Type 'Release'
OS: 'Windows 10 Pro; OS build 19042.985; Version 2009; 64bit' Language: 'pt' Physical Memory: 8156 MB
BatchMode: 1, IsHumanControllingUs: 0, StartBugReporterOnCrash: 0, Is64bit: 1, IsPro: 0

 COMMAND LINE ARGUMENTS:
C:\DEV\projetos do unity\2020.3.7f1\Editor\Unity.exe
-adb2
-batchMode
-noUpm
-name
AssetImportWorker0
-projectPath
C:/DEV/projetos do unity/Projeto Adriano MOBILE
-logFile
Logs/AssetImportWorker0.log
-srvPort
64342
Successfully changed project path to: C:/DEV/projetos do unity/Projeto Adriano MOBILE
C:/DEV/projetos do unity/Projeto Adriano MOBILE
Using Asset Import Pipeline V2.
Refreshing native plugins compatible for Editor in 40.92 ms, found 0 plugins.
Preloading 0 native plugins for Editor in 0.00 ms.
Initialize engine version: 2020.3.7f1 (dd97f2c94397)
[Subsystems] Discovering subsystems at path C:/DEV/projetos do unity/2020.3.7f1/Editor/Data/Resources/UnitySubsystems
[Subsystems] Discovering subsystems at path C:/DEV/projetos do unity/Projeto Adriano MOBILE/Assets
GfxDevice: creating device client; threaded=0
Direct3D:
    Version:  Direct3D 11.0 [level 11.1]
    Renderer: NVIDIA GeForce GTX 1650 (ID=0x1f82)
    Vendor:   
    VRAM:     3962 MB
    Driver:   27.21.14.6192
Initialize mono
Mono path[0] = 'C:/DEV/projetos do unity/2020.3.7f1/Editor/Data/Managed'
Mono path[1] = 'C:/DEV/projetos do unity/2020.3.7f1/Editor/Data/MonoBleedingEdge/lib/mono/unityjit'
Mono config path = 'C:/DEV/projetos do unity/2020.3.7f1/Editor/Data/MonoBleedingEdge/etc'
Using monoOptions --debugger-agent=transport=dt_socket,embedding=1,server=y,suspend=n,address=127.0.0.1:56628
Begin MonoManager ReloadAssembly
Registering precompiled unity dll's ...
Register platform support module: C:/DEV/projetos do unity/2020.3.7f1/Editor/Data/PlaybackEngines/WindowsStandaloneSupport/UnityEditor.WindowsStandalone.Extensions.dll
Registered in 0.003008 seconds.
Native extension for WindowsStandalone target not found
Refreshing native plugins compatible for Editor in 40.31 ms, found 0 plugins.
Preloading 0 native plugins for Editor in 0.00 ms.
Mono: successfully reloaded assembly
- Completed reload, in  2.780 seconds
Platform modules already initialized, skipping
Registering precompiled user dll's ...
Registered in 0.001039 seconds.
Begin MonoManager ReloadAssembly
Native extension for WindowsStandalone target not found
Refreshing native plugins compatible for Editor in 0.33 ms, found 0 plugins.
Preloading 0 native plugins for Editor in 0.00 ms.
Mono: successfully reloaded assembly
- Completed reload, in  1.231 seconds
Platform modules already initialized, skipping
========================================================================
Worker process is ready to serve import requests
Launched and connected shader compiler UnityShaderCompiler.exe after 0.05 seconds
Refreshing native plugins compatible for Editor in 0.33 ms, found 0 plugins.
Preloading 0 native plugins for Editor in 0.00 ms.
Unloading 1310 Unused Serialized files (Serialized files now loaded: 0)
System memory in use before: 63.7 MB.
System memory in use after: 63.8 MB.

Unloading 11 unused Assets to reduce memory usage. Loaded Objects now: 1754.
Total: 2.222500 ms (FindLiveObjects: 0.166600 ms CreateObjectMapping: 0.063900 ms MarkObjects: 1.896800 ms  DeleteObjects: 0.093700 ms)

========================================================================
Received Import Request.
  path: Assets/assets 3D/models/ataques/chuagxd.anim
  artifactKey: Guid(240e221d5a332bb46a15364903366c38) Importer(815301076,1909f56bfc062723c751e8b465ee728b)
Start importing Assets/assets 3D/models/ataques/chuagxd.anim using Guid(240e221d5a332bb46a15364903366c38) Importer(815301076,1909f56bfc062723c751e8b465ee728b)  -> (artifact id: '3af7597408a82bea095e52380e1bb61c') in 0.120444 seconds
  Import took 0.143480 seconds .

========================================================================
Received Prepare
Registering precompiled user dll's ...
Registered in 0.000999 seconds.
Begin MonoManager ReloadAssembly
Native extension for WindowsStandalone target not found
Refreshing native plugins compatible for Editor in 0.36 ms, found 0 plugins.
Preloading 0 native plugins for Editor in 0.00 ms.
Mono: successfully reloaded assembly
- Completed reload, in  1.174 seconds
Platform modules already initialized, skipping
Refreshing native plugins compatible for Editor in 0.33 ms, found 0 plugins.
Preloading 0 native plugins for Editor in 0.00 ms.
Unloading 1303 Unused Serialized files (Serialized files now loaded: 0)
System memory in use before: 63.5 MB.
System memory in use after: 63.6 MB.

Unloading 6 unused Assets to reduce memory usage. Loaded Objects now: 1757.
Total: 1.989000 ms (FindLiveObjects: 0.191100 ms CreateObjectMapping: 0.061600 ms MarkObjects: 1.670300 ms  DeleteObjects: 0.064500 ms)

========================================================================
Received Prepare
Registering precompiled user dll's ...
Registered in 0.001028 seconds.
Begin MonoManager ReloadAssembly
Native extension for WindowsStandalone target not found
Refreshing native plugins compatible for Editor in 0.33 ms, found 0 plugins.
Preloading 0 native plugins for Editor in 0.00 ms.
Mono: successfully reloaded assembly
- Completed reload, in  1.125 seconds
Platform modules already initialized, skipping
Refreshing native plugins compatible for Editor in 0.34 ms, found 0 plugins.
Preloading 0 native plugins for Editor in 0.00 ms.
Unloading 1303 Unused Serialized files (Serialized files now loaded: 0)
System memory in use before: 63.5 MB.
System memory in use after: 63.6 MB.

Unloading 6 unused Assets to reduce memory usage. Loaded Objects now: 1760.
Total: 2.257300 ms (FindLiveObjects: 0.208900 ms CreateObjectMapping: 0.065300 ms MarkObjects: 1.914900 ms  DeleteObjects: 0.066100 ms)

AssetImportWorkerClient::OnTransportError - code=2 error=End of file
